# JRE version: OpenJDK Runtime Environment (7.0_101) (build 1.7.0_101-b00)
# Java VM: OpenJDK 64-Bit Server VM (24.95-b01 mixed mode linux-amd64 compressed oops)
Heap
 PSYoungGen      total 320512K, used 0K [0x00000000eaa80000, 0x0000000100000000, 0x0000000100000000)
  eden space 302592K, 0% used [0x00000000eaa80000,0x00000000eaa80000,0x00000000fd200000)
  from space 17920K, 0% used [0x00000000fd200000,0x00000000fd200000,0x00000000fe380000)
  to   space 24576K, 0% used [0x00000000fe800000,0x00000000fe800000,0x0000000100000000)
 ParOldGen       total 175104K, used 37655K [0x00000000c0000000, 0x00000000cab00000, 0x00000000eaa80000)
  object space 175104K, 21% used [0x00000000c0000000,0x00000000c24c5e08,0x00000000cab00000)
 PSPermGen       total 21504K, used 5594K [0x00000000b5a00000, 0x00000000b6f00000, 0x00000000c0000000)
  object space 21504K, 26% used [0x00000000b5a00000,0x00000000b5f76b98,0x00000000b6f00000)
GC Heap History (10 events):
Event: 7,963 GC heap after
Heap after GC invocations=16 (full 1):
 PSYoungGen      total 316928K, used 0K [0x00000000eaa80000, 0x0000000100000000, 0x0000000100000000)
  eden space 314880K, 0% used [0x00000000eaa80000,0x00000000eaa80000,0x00000000fde00000)
  from space 2048K, 0% used [0x00000000fde00000,0x00000000fde00000,0x00000000fe000000)
  to   space 17920K, 0% used [0x00000000fee80000,0x00000000fee80000,0x0000000100000000)
 ParOldGen       total 175104K, used 31029K [0x00000000c0000000, 0x00000000cab00000, 0x00000000eaa80000)
  object space 175104K, 17% used [0x00000000c0000000,0x00000000c1e4d630,0x00000000cab00000)
 PSPermGen       total 21504K, used 5594K [0x00000000b5a00000, 0x00000000b6f00000, 0x00000000c0000000)
  object space 21504K, 26% used [0x00000000b5a00000,0x00000000b5f768b8,0x00000000b6f00000)
}
Event: 15,059 GC heap before
{Heap before GC invocations=17 (full 1):
 PSYoungGen      total 316928K, used 314880K [0x00000000eaa80000, 0x0000000100000000, 0x0000000100000000)
  eden space 314880K, 100% used [0x00000000eaa80000,0x00000000fde00000,0x00000000fde00000)
  from space 2048K, 0% used [0x00000000fde00000,0x00000000fde00000,0x00000000fe000000)
  to   space 17920K, 0% used [0x00000000fee80000,0x00000000fee80000,0x0000000100000000)
 ParOldGen       total 175104K, used 31029K [0x00000000c0000000, 0x00000000cab00000, 0x00000000eaa80000)
  object space 175104K, 17% used [0x00000000c0000000,0x00000000c1e4d630,0x00000000cab00000)
 PSPermGen       total 21504K, used 5594K [0x00000000b5a00000, 0x00000000b6f00000, 0x00000000c0000000)
  object space 21504K, 26% used [0x00000000b5a00000,0x00000000b5f768d8,0x00000000b6f00000)
Event: 15,432 GC heap after
Heap after GC invocations=17 (full 1):
 PSYoungGen      total 326656K, used 17597K [0x00000000eaa80000, 0x0000000100000000, 0x0000000100000000)
  eden space 308736K, 0% used [0x00000000eaa80000,0x00000000eaa80000,0x00000000fd800000)
  from space 17920K, 98% used [0x00000000fee80000,0x00000000fffaf560,0x0000000100000000)
  to   space 20480K, 0% used [0x00000000fd800000,0x00000000fd800000,0x00000000fec00000)
 ParOldGen       total 175104K, used 38753K [0x00000000c0000000, 0x00000000cab00000, 0x00000000eaa80000)
  object space 175104K, 22% used [0x00000000c0000000,0x00000000c25d8780,0x00000000cab00000)
 PSPermGen       total 21504K, used 5594K [0x00000000b5a00000, 0x00000000b6f00000, 0x00000000c0000000)
  object space 21504K, 26% used [0x00000000b5a00000,0x00000000b5f768d8,0x00000000b6f00000)
}
Event: 16,086 GC heap before
{Heap before GC invocations=18 (full 1):
 PSYoungGen      total 326656K, used 326333K [0x00000000eaa80000, 0x0000000100000000, 0x0000000100000000)
  eden space 308736K, 100% used [0x00000000eaa80000,0x00000000fd800000,0x00000000fd800000)
  from space 17920K, 98% used [0x00000000fee80000,0x00000000fffaf560,0x0000000100000000)
  to   space 20480K, 0% used [0x00000000fd800000,0x00000000fd800000,0x00000000fec00000)
 ParOldGen       total 175104K, used 38753K [0x00000000c0000000, 0x00000000cab00000, 0x00000000eaa80000)
  object space 175104K, 22% used [0x00000000c0000000,0x00000000c25d8780,0x00000000cab00000)
 PSPermGen       total 21504K, used 5594K [0x00000000b5a00000, 0x00000000b6f00000, 0x00000000c0000000)
  object space 21504K, 26% used [0x00000000b5a00000,0x00000000b5f768d8,0x00000000b6f00000)
Event: 16,610 GC heap after
Heap after GC invocations=18 (full 1):
 PSYoungGen      total 329216K, used 3343K [0x00000000eaa80000, 0x0000000100000000, 0x0000000100000000)
  eden space 308736K, 0% used [0x00000000eaa80000,0x00000000eaa80000,0x00000000fd800000)
  from space 20480K, 16% used [0x00000000fd800000,0x00000000fdb43f88,0x00000000fec00000)
  to   space 20480K, 0% used [0x00000000fec00000,0x00000000fec00000,0x0000000100000000)
 ParOldGen       total 175104K, used 54860K [0x00000000c0000000, 0x00000000cab00000, 0x00000000eaa80000)
  object space 175104K, 31% used [0x00000000c0000000,0x00000000c3593218,0x00000000cab00000)
 PSPermGen       total 21504K, used 5594K [0x00000000b5a00000, 0x00000000b6f00000, 0x00000000c0000000)
  object space 21504K, 26% used [0x00000000b5a00000,0x00000000b5f768d8,0x00000000b6f00000)
}
Event: 17,105 GC heap before
{Heap before GC invocations=19 (full 1):
 PSYoungGen      total 329216K, used 311798K [0x00000000eaa80000, 0x0000000100000000, 0x0000000100000000)
  eden space 308736K, 99% used [0x00000000eaa80000,0x00000000fd7b9bb0,0x00000000fd800000)
  from space 20480K, 16% used [0x00000000fd800000,0x00000000fdb43f88,0x00000000fec00000)
  to   space 20480K, 0% used [0x00000000fec00000,0x00000000fec00000,0x0000000100000000)
 ParOldGen       total 175104K, used 54860K [0x00000000c0000000, 0x00000000cab00000, 0x00000000eaa80000)
  object space 175104K, 31% used [0x00000000c0000000,0x00000000c3593218,0x00000000cab00000)
 PSPermGen       total 21504K, used 5594K [0x00000000b5a00000, 0x00000000b6f00000, 0x00000000c0000000)
  object space 21504K, 26% used [0x00000000b5a00000,0x00000000b5f768d8,0x00000000b6f00000)
Event: 17,291 GC heap after
Heap after GC invocations=19 (full 1):
 PSYoungGen      total 323072K, used 20304K [0x00000000eaa80000, 0x0000000100000000, 0x0000000100000000)
  eden space 302592K, 0% used [0x00000000eaa80000,0x00000000eaa80000,0x00000000fd200000)
  from space 20480K, 99% used [0x00000000fec00000,0x00000000fffd42a8,0x0000000100000000)
  to   space 23552K, 0% used [0x00000000fd200000,0x00000000fd200000,0x00000000fe900000)
 ParOldGen       total 175104K, used 60240K [0x00000000c0000000, 0x00000000cab00000, 0x00000000eaa80000)
  object space 175104K, 34% used [0x00000000c0000000,0x00000000c3ad4070,0x00000000cab00000)
 PSPermGen       total 21504K, used 5594K [0x00000000b5a00000, 0x00000000b6f00000, 0x00000000c0000000)
  object space 21504K, 26% used [0x00000000b5a00000,0x00000000b5f768d8,0x00000000b6f00000)
}
Event: 17,849 GC heap before
{Heap before GC invocations=20 (full 1):
 PSYoungGen      total 323072K, used 322896K [0x00000000eaa80000, 0x0000000100000000, 0x0000000100000000)
  eden space 302592K, 100% used [0x00000000eaa80000,0x00000000fd200000,0x00000000fd200000)
  from space 20480K, 99% used [0x00000000fec00000,0x00000000fffd42a8,0x0000000100000000)
  to   space 23552K, 0% used [0x00000000fd200000,0x00000000fd200000,0x00000000fe900000)
 ParOldGen       total 175104K, used 60240K [0x00000000c0000000, 0x00000000cab00000, 0x00000000eaa80000)
  object space 175104K, 34% used [0x00000000c0000000,0x00000000c3ad4070,0x00000000cab00000)
 PSPermGen       total 21504K, used 5594K [0x00000000b5a00000, 0x00000000b6f00000, 0x00000000c0000000)
  object space 21504K, 26% used [0x00000000b5a00000,0x00000000b5f76bb8,0x00000000b6f00000)
Event: 18,171 GC heap after
Heap after GC invocations=20 (full 1):
 PSYoungGen      total 320512K, used 17443K [0x00000000eaa80000, 0x0000000100000000, 0x0000000100000000)
  eden space 302592K, 0% used [0x00000000eaa80000,0x00000000eaa80000,0x00000000fd200000)
  from space 17920K, 97% used [0x00000000fd200000,0x00000000fe308f08,0x00000000fe380000)
  to   space 24576K, 0% used [0x00000000fe800000,0x00000000fe800000,0x0000000100000000)
 ParOldGen       total 175104K, used 147676K [0x00000000c0000000, 0x00000000cab00000, 0x00000000eaa80000)
  object space 175104K, 84% used [0x00000000c0000000,0x00000000c9037370,0x00000000cab00000)
 PSPermGen       total 21504K, used 5594K [0x00000000b5a00000, 0x00000000b6f00000, 0x00000000c0000000)
  object space 21504K, 26% used [0x00000000b5a00000,0x00000000b5f76bb8,0x00000000b6f00000)
}
Event: 18,232 GC heap before
{Heap before GC invocations=21 (full 2):
 PSYoungGen      total 320512K, used 17443K [0x00000000eaa80000, 0x0000000100000000, 0x0000000100000000)
  eden space 302592K, 0% used [0x00000000eaa80000,0x00000000eaa80000,0x00000000fd200000)
  from space 17920K, 97% used [0x00000000fd200000,0x00000000fe308f08,0x00000000fe380000)
  to   space 24576K, 0% used [0x00000000fe800000,0x00000000fe800000,0x0000000100000000)
 ParOldGen       total 175104K, used 147676K [0x00000000c0000000, 0x00000000cab00000, 0x00000000eaa80000)
  object space 175104K, 84% used [0x00000000c0000000,0x00000000c9037370,0x00000000cab00000)
 PSPermGen       total 21504K, used 5594K [0x00000000b5a00000, 0x00000000b6f00000, 0x00000000c0000000)
  object space 21504K, 26% used [0x00000000b5a00000,0x00000000b5f76bb8,0x00000000b6f00000)

